빌드 시작: 2021-08-23 오후 3:33:18
     1>2 노드의 "C:\Users\ddshin\Desktop\Git\NewProject\NewProject01.vcxproj" 프로젝트(Build 대상)입니다.
     1>ClCompile:
         C:\Program Files (x86)\Microsoft Visual Studio 12.0\VC\bin\CL.exe /c /ZI /nologo /W3 /WX- /sdl /Od /Oy- /D WIN32 /D _WINDOWS /D _DEBUG /D _UNICODE /D UNICODE /D _AFXDLL /Gm /EHsc /RTC1 /MDd /GS /fp:precise /Zc:wchar_t /Zc:forScope /Yu"stdafx.h" /Fp"Debug\NewProject01.pch" /Fo"Debug\\" /Fd"Debug\vc120.pdb" /Gd /TP /analyze- /errorReport:prompt NewProject01View.cpp
         NewProject01View.cpp
     1>c:\users\ddshin\desktop\git\newproject\newproject01view.cpp(209): warning C4244: '인수' : 'double'에서 'int'(으)로 변환하면서 데이터가 손실될 수 있습니다.
     1>c:\users\ddshin\desktop\git\newproject\newproject01view.cpp(215): warning C4244: '=' : 'double'에서 'LONG'(으)로 변환하면서 데이터가 손실될 수 있습니다.
     1>c:\users\ddshin\desktop\git\newproject\newproject01view.cpp(216): warning C4244: '=' : 'double'에서 'LONG'(으)로 변환하면서 데이터가 손실될 수 있습니다.
     1>c:\users\ddshin\desktop\git\newproject\newproject01view.cpp(223): warning C4244: '인수' : 'double'에서 'int'(으)로 변환하면서 데이터가 손실될 수 있습니다.
     1>c:\users\ddshin\desktop\git\newproject\newproject01view.cpp(227): warning C4244: '인수' : 'double'에서 'int'(으)로 변환하면서 데이터가 손실될 수 있습니다.
     1>c:\users\ddshin\desktop\git\newproject\newproject01view.cpp(285): warning C4244: '인수' : 'double'에서 'int'(으)로 변환하면서 데이터가 손실될 수 있습니다.
     1>c:\users\ddshin\desktop\git\newproject\newproject01view.cpp(295): warning C4244: '인수' : 'double'에서 'int'(으)로 변환하면서 데이터가 손실될 수 있습니다.
     1>c:\users\ddshin\desktop\git\newproject\newproject01view.cpp(310): warning C4244: '인수' : 'double'에서 'int'(으)로 변환하면서 데이터가 손실될 수 있습니다.
     1>c:\users\ddshin\desktop\git\newproject\newproject01view.cpp(313): warning C4244: '인수' : 'double'에서 'int'(으)로 변환하면서 데이터가 손실될 수 있습니다.
     1>c:\users\ddshin\desktop\git\newproject\newproject01view.cpp(377): warning C4244: '=' : 'double'에서 'LONG'(으)로 변환하면서 데이터가 손실될 수 있습니다.
     1>c:\users\ddshin\desktop\git\newproject\newproject01view.cpp(378): warning C4244: '=' : 'double'에서 'LONG'(으)로 변환하면서 데이터가 손실될 수 있습니다.
     1>c:\users\ddshin\desktop\git\newproject\newproject01view.cpp(390): warning C4244: '=' : 'double'에서 'LONG'(으)로 변환하면서 데이터가 손실될 수 있습니다.
     1>c:\users\ddshin\desktop\git\newproject\newproject01view.cpp(391): warning C4244: '=' : 'double'에서 'LONG'(으)로 변환하면서 데이터가 손실될 수 있습니다.
     1>c:\users\ddshin\desktop\git\newproject\newproject01view.cpp(425): warning C4244: '=' : 'double'에서 'LONG'(으)로 변환하면서 데이터가 손실될 수 있습니다.
     1>c:\users\ddshin\desktop\git\newproject\newproject01view.cpp(426): warning C4244: '=' : 'double'에서 'LONG'(으)로 변환하면서 데이터가 손실될 수 있습니다.
     1>c:\users\ddshin\desktop\git\newproject\newproject01view.cpp(438): warning C4244: '=' : 'double'에서 'LONG'(으)로 변환하면서 데이터가 손실될 수 있습니다.
     1>c:\users\ddshin\desktop\git\newproject\newproject01view.cpp(439): warning C4244: '=' : 'double'에서 'LONG'(으)로 변환하면서 데이터가 손실될 수 있습니다.
       Link:
         C:\Program Files (x86)\Microsoft Visual Studio 12.0\VC\bin\link.exe /ERRORREPORT:PROMPT /OUT:"C:\Users\ddshin\Desktop\Git\NewProject\Debug\NewProject01.exe" /INCREMENTAL /NOLOGO /MANIFEST /MANIFESTUAC:"level='asInvoker' uiAccess='false'" /manifest:embed /manifestinput:"C:\Program Files (x86)\Microsoft Visual Studio 12.0\VC\Include\Manifest\dpiaware.manifest" /DEBUG /PDB:"C:\Users\ddshin\Desktop\Git\NewProject\Debug\NewProject01.pdb" /SUBSYSTEM:WINDOWS /TLBID:1 /ENTRY:"wWinMainCRTStartup" /DYNAMICBASE /NXCOMPAT /IMPLIB:"C:\Users\ddshin\Desktop\Git\NewProject\Debug\NewProject01.lib" /MACHINE:X86 Debug\NewProject01.res
         Debug\cdib.obj
         Debug\Image.obj
         Debug\ImageFrame.obj
         Debug\MainFrm.obj
         Debug\NewProject01.obj
         Debug\NewProject01Doc.obj
         Debug\NewProject01View.obj
         Debug\PointFloat.obj
         Debug\Preview.obj
         Debug\PreviewDlg.obj
         Debug\stdafx.obj
         Debug\ZoomInfo.obj
         Debug\ZoomInfo_Multi.obj
         NewProject01.vcxproj -> C:\Users\ddshin\Desktop\Git\NewProject\Debug\NewProject01.exe
     1>"C:\Users\ddshin\Desktop\Git\NewProject\NewProject01.vcxproj" 프로젝트를 빌드했습니다(Build 대상).

빌드했습니다.

경과 시간: 00:00:00.70
